d:\taipeitech\2d-runningcookieman\game4.10\game4.10\debug\game.pch
d:\taipeitech\2d-runningcookieman\game4.10\game4.10\debug\vc140.pdb
d:\taipeitech\2d-runningcookieman\game4.10\game4.10\debug\vc140.idb
d:\taipeitech\2d-runningcookieman\game4.10\game4.10\debug\stdafx.obj
d:\taipeitech\2d-runningcookieman\game4.10\game4.10\debug\audio.obj
d:\taipeitech\2d-runningcookieman\game4.10\game4.10\debug\background.obj
d:\taipeitech\2d-runningcookieman\game4.10\game4.10\debug\candymap.obj
d:\taipeitech\2d-runningcookieman\game4.10\game4.10\debug\candymap2.obj
d:\taipeitech\2d-runningcookieman\game4.10\game4.10\debug\cookieman.obj
d:\taipeitech\2d-runningcookieman\game4.10\game4.10\debug\game.obj
d:\taipeitech\2d-runningcookieman\game4.10\game4.10\debug\gamedoc.obj
d:\taipeitech\2d-runningcookieman\game4.10\game4.10\debug\gameview.obj
d:\taipeitech\2d-runningcookieman\game4.10\game4.10\debug\mainfrm.obj
d:\taipeitech\2d-runningcookieman\game4.10\game4.10\debug\gamelib.obj
d:\taipeitech\2d-runningcookieman\game4.10\game4.10\debug\mygame.obj
d:\taipeitech\2d-runningcookieman\game4.10\game4.10\debug\game.ilk
d:\taipeitech\2d-runningcookieman\game4.10\game4.10\debug\game.exe
d:\taipeitech\2d-runningcookieman\game4.10\game4.10\debug\game.pdb
d:\taipeitech\2d-runningcookieman\game4.10\game4.10\debug\game.res
d:\taipeitech\2d-runningcookieman\game4.10\game4.10\.\debug\game.exe
d:\taipeitech\2d-runningcookieman\game4.10\game4.10\debug\game.tlog\cl.command.1.tlog
d:\taipeitech\2d-runningcookieman\game4.10\game4.10\debug\game.tlog\cl.read.1.tlog
d:\taipeitech\2d-runningcookieman\game4.10\game4.10\debug\game.tlog\cl.write.1.tlog
d:\taipeitech\2d-runningcookieman\game4.10\game4.10\debug\game.tlog\link.command.1.tlog
d:\taipeitech\2d-runningcookieman\game4.10\game4.10\debug\game.tlog\link.read.1.tlog
d:\taipeitech\2d-runningcookieman\game4.10\game4.10\debug\game.tlog\link.write.1.tlog
d:\taipeitech\2d-runningcookieman\game4.10\game4.10\debug\game.tlog\rc.command.1.tlog
d:\taipeitech\2d-runningcookieman\game4.10\game4.10\debug\game.tlog\rc.read.1.tlog
d:\taipeitech\2d-runningcookieman\game4.10\game4.10\debug\game.tlog\rc.write.1.tlog
